-- another comment

# 2025-02-05
08:00 Breakfast
09:00 Sanitizing moisture collector
11:00 Exercising in high-grav gym
12:00 Lunch
13:00 Programming
17:00 Commuting home in rover
17:30 R&R
19:00 Dinner
21:00 Shower
21:15 Read
22:00 Sleep

-- whee a comment


# 2025-02-05 -- jfkjdfkjdf
08:00 Breakfast
09:00 Sanitizing moisture collector
11:00 Exercising in high-grav gym -- jkdfkjdf
12:00 Lunch
13:00 Programming
17:00 Commuting home in rover
17:30 R&R
19:00 Dinner
21:00 Shower
21:15 Read
22:00 Sleep


# 2025-02-05
08:00 Breakfast
09:00 Sanitizing moisture collector
11:00 Exercising in high-grav gym
12:00 Lunch
13:00 Programming
17:00 Commuting home in rover
17:30 R&R
19:00 Dinner
21:00 Shower
21:15 Read
22:00 Sleep
